<?xml version="1.0" encoding="UTF-8"?>
<!-- Generated by org.testng.reporters.JUnitReportReporter -->
<testsuite hostname="DESKTOP-N60QB27" failures="0" tests="1" name="test.LoginTest" time="0.009" errors="0" timestamp="2022-12-26T00:36:41 IST" skipped="0">
  <testcase classname="test.LoginTest" name="login" time="0.009"/>
</testsuite> <!-- test.LoginTest -->
