<?xml version="1.0" encoding="UTF-8"?>
<!-- Generated by org.testng.reporters.JUnitReportReporter -->
<testsuite hostname="DESKTOP-N60QB27" failures="0" tests="1" name="DatePicker.FormatDate" time="18.942" errors="0" timestamp="2022-12-25T22:29:28 IST" skipped="0">
  <testcase classname="DatePicker.FormatDate" name="enterDate" time="18.942"/>
</testsuite> <!-- DatePicker.FormatDate -->
